2017.03.22 15:48:47:656:Program start.
2017.03.22 15:48:47:666:Dictionary file name: words.english.txt
2017.03.22 15:48:47:666:Input file name: test.txt
2017.03.22 15:48:47:666:Output file name:parsed.txt
2017.03.22 15:48:47:666:Loading dictionary.
2017.03.22 15:49:04:530:157412 words loaded.
2017.03.22 15:49:04:530:Starting parsing input file.
2017.03.22 15:49:04:536:2 threads created.
2017.03.22 15:49:05:015:File parsing finished. 9999 lines processed in 0secs at speed of 20831lines/sec.
2017.03.22 15:53:15:562:Program start.
2017.03.22 15:53:15:563:Dictionary file name: words.english.txt
2017.03.22 15:53:15:563:Input file name: test.txt
2017.03.22 15:53:15:563:Output file name:parsed.txt
2017.03.22 15:53:15:563:Loading dictionary.
2017.03.22 15:53:35:387:157412 words loaded.
2017.03.22 15:53:35:387:Starting parsing input file.
2017.03.22 15:53:35:400:2 threads created.
2017.03.22 15:53:36:229:File parsing finished. 9999 lines processed in 0secs at speed of 12003lines/sec.
2017.03.22 15:57:49:351:Program start.
2017.03.22 15:57:49:351:Dictionary file name: words.english.txt
2017.03.22 15:57:49:351:Input file name: test.txt
2017.03.22 15:57:49:351:Output file name:parsed.txt
2017.03.22 15:57:49:351:Loading dictionary.
2017.03.22 15:58:05:887:157412 words loaded.
2017.03.22 15:58:05:887:Starting parsing input file.
2017.03.22 15:58:05:887:2 threads created.
2017.03.22 15:58:06:325:File parsing finished. 9999 lines processed in 0secs at speed of 22828lines/sec.
2017.03.22 16:00:39:624:Program start.
2017.03.22 16:00:39:624:Dictionary file name: small.dic
2017.03.22 16:00:39:624:Input file name: smalltest.txt
2017.03.22 16:00:39:624:Output file name:parsed.txt
2017.03.22 16:00:39:624:Loading dictionary.
2017.03.22 16:00:39:639:6 words loaded.
2017.03.22 16:00:39:639:Starting parsing input file.
2017.03.22 16:00:39:639:2 threads created.
2017.03.22 16:00:39:686:File parsing finished. 42 lines processed in 0secs at speed of 893lines/sec.
2017.03.22 16:01:08:662:Program start.
2017.03.22 16:01:08:662:Dictionary file name: small.dic
2017.03.22 16:01:08:662:Input file name: smalltest.txt
2017.03.22 16:01:08:662:Output file name:parsed.txt
2017.03.22 16:01:08:662:Loading dictionary.
2017.03.22 16:01:08:662:6 words loaded.
2017.03.22 16:01:08:662:Starting parsing input file.
2017.03.22 16:01:08:662:2 threads created.
2017.03.22 16:01:08:709:File parsing finished. 42 lines processed in 0secs at speed of 893lines/sec.
2017.03.22 16:01:22:007:Program start.
2017.03.22 16:01:22:007:Dictionary file name: small.dic
2017.03.22 16:01:22:007:Input file name: smalltest.txt
2017.03.22 16:01:22:007:Output file name:parsed.txt
2017.03.22 16:01:22:007:Loading dictionary.
2017.03.22 16:01:22:007:6 words loaded.
2017.03.22 16:01:22:007:Starting parsing input file.
2017.03.22 16:01:22:007:2 threads created.
2017.03.22 16:01:22:053:File parsing finished. 42 lines processed in 0secs at speed of 913lines/sec.
2017.03.22 16:02:27:542:Program start.
2017.03.22 16:02:27:543:Dictionary file name: small.dic
2017.03.22 16:02:27:543:Input file name: smalltest.txt
2017.03.22 16:02:27:543:Output file name:parsed.txt
2017.03.22 16:02:27:543:Loading dictionary.
2017.03.22 16:02:27:546:6 words loaded.
2017.03.22 16:02:27:546:Starting parsing input file.
2017.03.22 16:02:27:549:2 threads created.
2017.03.22 16:02:27:662:File parsing finished. 42 lines processed in 0secs at speed of 368lines/sec.
2017.03.22 16:05:43:181:Program start.
2017.03.22 16:05:43:181:Dictionary file name: small.dic
2017.03.22 16:05:43:181:Input file name: smalltest.txt
2017.03.22 16:05:43:181:Output file name:parsed.txt
2017.03.22 16:05:43:181:Loading dictionary.
2017.03.22 16:05:43:181:6 words loaded.
2017.03.22 16:05:43:181:Starting parsing input file.
2017.03.22 16:05:43:181:2 threads created.
2017.03.22 16:05:43:227:File parsing finished. 42 lines processed in 0secs at speed of 913lines/sec.
2017.03.22 16:47:44:262:Program start.
2017.03.22 16:47:44:262:Dictionary file name: small.dic
2017.03.22 16:47:44:262:Input file name: smalltest.txt
2017.03.22 16:47:44:262:Output file name:parsed.txt
2017.03.22 16:47:44:262:Loading dictionary.
2017.03.22 16:47:44:262:6 words loaded.
2017.03.22 16:47:44:262:Starting parsing input file.
2017.03.22 16:47:44:262:2 threads created.
2017.03.22 16:47:44:481:File parsing finished. 42 lines processed in 0secs at speed of 191lines/sec.
2017.03.22 16:56:59:720:Program start.
2017.03.22 16:56:59:771:Dictionary file name: small.dic
2017.03.22 16:56:59:771:Input file name: smalltest.txt
2017.03.22 16:56:59:771:Output file name:parsed.txt
2017.03.22 16:56:59:771:Loading dictionary.
2017.03.22 16:56:59:818:6 words loaded.
2017.03.22 16:56:59:818:Starting parsing input file.
2017.03.22 16:56:59:821:2 threads created.
2017.03.22 16:56:59:888:File parsing finished. 6 lines processed in 0secs at speed of 127lines/sec.
2017.03.22 17:00:44:365:Program start.
2017.03.22 17:00:44:367:Dictionary file name: small.dic
2017.03.22 17:00:44:367:Input file name: smalltest.txt
2017.03.22 17:00:44:368:Output file name:parsed.txt
2017.03.22 17:00:44:368:Loading dictionary.
2017.03.22 17:00:44:371:6 words loaded.
2017.03.22 17:00:44:371:Starting parsing input file.
2017.03.22 17:00:44:374:2 threads created.
2017.03.22 17:00:44:375:File parsing finished. 8 lines processed in 0 secs at speed of 4000lines/sec.
2017.03.22 17:05:53:861:Program start.
2017.03.22 17:05:53:862:Dictionary file name: small.dic
2017.03.22 17:05:53:863:Input file name: smalltest.txt
2017.03.22 17:05:53:863:Output file name:parsed.txt
2017.03.22 17:05:53:863:Loading dictionary.
2017.03.22 17:05:53:866:6 words loaded.
2017.03.22 17:05:53:866:Starting parsing input file.
2017.03.22 17:05:53:869:2 threads created.
2017.03.22 17:05:53:871:File parsing finished. 8 lines processed in 0 secs at speed of 2666lines/sec.
2017.03.22 17:31:13:766:Program start.
2017.03.22 17:31:13:767:Dictionary file name: small.dic
2017.03.22 17:31:13:768:Input file name: smalltest.txt
2017.03.22 17:31:13:768:Output file name:parsed.txt
2017.03.22 17:31:13:768:Loading dictionary.
2017.03.22 17:31:13:772:6 words loaded.
2017.03.22 17:31:13:772:Starting parsing input file.
2017.03.22 17:31:13:779:2 threads created.
2017.03.22 17:31:13:830:File parsing finished. 8 lines processed in 0 secs at speed of 153lines/sec.
2017.03.22 17:31:43:432:Program start.
2017.03.22 17:31:43:435:Dictionary file name: small.dic
2017.03.22 17:31:43:435:Input file name: smalltest.txt
2017.03.22 17:31:43:435:Output file name:parsed.txt
2017.03.22 17:31:43:435:Loading dictionary.
2017.03.22 17:31:43:439:6 words loaded.
2017.03.22 17:31:43:440:Starting parsing input file.
2017.03.22 17:31:43:442:2 threads created.
2017.03.22 17:31:43:444:File parsing finished. 8 lines processed in 0 secs at speed of 4000lines/sec.
2017.03.22 17:32:13:818:Program start.
2017.03.22 17:32:13:819:Dictionary file name: small.dic
2017.03.22 17:32:13:820:Input file name: smalltest.txt
2017.03.22 17:32:13:820:Output file name:parsed.txt
2017.03.22 17:32:13:820:Loading dictionary.
2017.03.22 17:32:13:824:6 words loaded.
2017.03.22 17:32:13:824:Starting parsing input file.
2017.03.22 17:32:13:827:2 threads created.
2017.03.22 17:32:13:829:File parsing finished. 8 lines processed in 0 secs at speed of 2666lines/sec.
2017.03.22 17:35:57:558:Program start.
2017.03.22 17:35:57:559:Dictionary file name: small.dic
2017.03.22 17:35:57:560:Input file name: smalltest.txt
2017.03.22 17:35:57:560:Output file name:parsed.txt
2017.03.22 17:35:57:560:Loading dictionary.
2017.03.22 17:35:57:563:6 words loaded.
2017.03.22 17:35:57:563:Starting parsing input file.
2017.03.22 17:35:57:566:2 threads created.
2017.03.22 17:35:57:568:File parsing finished. 8 lines processed in 0 secs at speed of 2666lines/sec.
2017.03.22 17:38:52:963:Program start.
2017.03.22 17:38:52:964:Dictionary file name: small.dic
2017.03.22 17:38:52:964:Input file name: smalltest.txt
2017.03.22 17:38:52:965:Output file name:parsed.txt
2017.03.22 17:38:52:965:Loading dictionary.
2017.03.22 17:38:52:969:6 words loaded.
2017.03.22 17:38:52:969:Starting parsing input file.
2017.03.22 17:38:52:971:2 threads created.
2017.03.22 17:38:52:973:File parsing finished. 8 lines processed in 0 secs at speed of 2666lines/sec.
2017.03.22 17:39:43:369:Program start.
2017.03.22 17:39:43:371:Dictionary file name: small.dic
2017.03.22 17:39:43:371:Input file name: smalltest.txt
2017.03.22 17:39:43:371:Output file name:parsed.txt
2017.03.22 17:39:43:371:Loading dictionary.
2017.03.22 17:39:43:375:6 words loaded.
2017.03.22 17:39:43:375:Starting parsing input file.
2017.03.22 17:39:43:378:2 threads created.
2017.03.22 17:39:43:380:File parsing finished. 8 lines processed in 0 secs at speed of 2666lines/sec.
2017.03.22 17:40:36:285:Program start.
2017.03.22 17:40:36:286:Dictionary file name: small.dic
2017.03.22 17:40:36:287:Input file name: smalltest.txt
2017.03.22 17:40:36:287:Output file name:parsed.txt
2017.03.22 17:40:36:287:Loading dictionary.
2017.03.22 17:40:36:290:6 words loaded.
2017.03.22 17:40:36:290:Starting parsing input file.
2017.03.22 17:40:36:293:2 threads created.
2017.03.22 17:40:36:294:File parsing finished. 8 lines processed in 0 secs at speed of 4000lines/sec.
2017.03.22 17:43:39:599:Program start.
2017.03.22 17:43:39:601:Dictionary file name: small.dic
2017.03.22 17:43:39:601:Input file name: smalltest.txt
2017.03.22 17:43:39:601:Output file name:parsed.txt
2017.03.22 17:43:39:601:Loading dictionary.
2017.03.22 17:43:39:605:6 words loaded.
2017.03.22 17:43:39:605:Starting parsing input file.
2017.03.22 17:43:39:609:2 threads created.
2017.03.22 17:43:39:612:File parsing finished. 8 lines processed in 0 secs at speed of 2000lines/sec.
2017.03.22 17:44:42:528:Program start.
2017.03.22 17:44:42:531:Dictionary file name: small.dic
2017.03.22 17:44:42:531:Input file name: smalltest.txt
2017.03.22 17:44:42:531:Output file name:parsed.txt
2017.03.22 17:44:42:531:Loading dictionary.
2017.03.22 17:44:42:535:6 words loaded.
2017.03.22 17:44:42:535:Starting parsing input file.
2017.03.22 17:44:42:537:2 threads created.
2017.03.22 17:44:42:550:File parsing finished. 8 lines processed in 0 secs at speed of 615lines/sec.
2017.03.22 17:45:08:254:Program start.
2017.03.22 17:45:08:255:Dictionary file name: small.dic
2017.03.22 17:45:08:255:Input file name: smalltest.txt
2017.03.22 17:45:08:256:Output file name:parsed.txt
2017.03.22 17:45:08:257:Loading dictionary.
2017.03.22 17:45:08:262:6 words loaded.
2017.03.22 17:45:08:262:Starting parsing input file.
2017.03.22 17:45:08:265:2 threads created.
2017.03.22 17:45:08:271:File parsing finished. 8 lines processed in 0 secs at speed of 1142lines/sec.
2017.03.22 17:47:44:687:Program start.
2017.03.22 17:47:44:689:Dictionary file name: small.dic
2017.03.22 17:47:44:689:Input file name: smalltest.txt
2017.03.22 17:47:44:689:Output file name:parsed.txt
2017.03.22 17:47:44:689:Loading dictionary.
2017.03.22 17:47:44:692:6 words loaded.
2017.03.22 17:47:44:692:Starting parsing input file.
2017.03.22 17:47:44:695:2 threads created.
2017.03.22 17:47:44:699:File parsing finished. 8 lines processed in 0 secs at speed of 2000lines/sec.
2017.03.22 17:48:12:339:Program start.
2017.03.22 17:48:12:340:Dictionary file name: small.dic
2017.03.22 17:48:12:340:Input file name: smalltest.txt
2017.03.22 17:48:12:340:Output file name:parsed.txt
2017.03.22 17:48:12:340:Loading dictionary.
2017.03.22 17:48:12:345:6 words loaded.
2017.03.22 17:48:12:345:Starting parsing input file.
2017.03.22 17:48:12:350:2 threads created.
2017.03.22 17:48:12:353:File parsing finished. 8 lines processed in 0 secs at speed of 2000lines/sec.
2017.03.22 17:48:33:986:Program start.
2017.03.22 17:48:33:988:Dictionary file name: small.dic
2017.03.22 17:48:33:988:Input file name: smalltest.txt
2017.03.22 17:48:33:988:Output file name:parsed.txt
2017.03.22 17:48:33:989:Loading dictionary.
2017.03.22 17:48:33:992:6 words loaded.
2017.03.22 17:48:33:992:Starting parsing input file.
2017.03.22 17:48:33:995:2 threads created.
2017.03.22 17:48:33:998:File parsing finished. 8 lines processed in 0 secs at speed of 2666lines/sec.
2017.03.22 17:48:52:133:Program start.
2017.03.22 17:48:52:134:Dictionary file name: small.dic
2017.03.22 17:48:52:134:Input file name: smalltest.txt
2017.03.22 17:48:52:135:Output file name:parsed.txt
2017.03.22 17:48:52:135:Loading dictionary.
2017.03.22 17:48:52:138:6 words loaded.
2017.03.22 17:48:52:138:Starting parsing input file.
2017.03.22 17:48:52:141:2 threads created.
2017.03.22 17:48:52:145:File parsing finished. 8 lines processed in 0 secs at speed of 2000lines/sec.
2017.03.22 18:05:14:677:Program start.
2017.03.22 18:05:14:679:Dictionary file name: small.dic
2017.03.22 18:05:14:679:Input file name: smalltest.txt
2017.03.22 18:05:14:679:Output file name:parsed.txt
2017.03.22 18:05:14:679:Loading dictionary.
2017.03.22 18:05:14:682:6 words loaded.
2017.03.22 18:05:14:682:Starting parsing input file.
2017.03.22 18:05:14:685:2 threads created.
2017.03.22 18:05:14:688:File parsing finished. 8 lines processed in 0 secs at speed of 2000lines/sec.
2017.03.22 18:10:41:838:Program start.
2017.03.22 18:10:41:840:Dictionary file name: small.dic
2017.03.22 18:10:41:840:Input file name: smalltest.txt
2017.03.22 18:10:41:840:Output file name:parsed.txt
2017.03.22 18:10:41:840:Loading dictionary.
2017.03.22 18:10:41:843:6 words loaded.
2017.03.22 18:10:41:843:Starting parsing input file.
2017.03.22 18:10:41:846:2 threads created.
2017.03.22 18:10:41:849:File parsing finished. 8 lines processed in 0 secs at speed of 2000lines/sec.
2017.03.22 18:10:51:079:Program start.
2017.03.22 18:10:51:079:Dictionary file name: small.dic
2017.03.22 18:10:51:079:Input file name: smalltest.txt
2017.03.22 18:10:51:079:Output file name:parsed.txt
2017.03.22 18:10:51:079:Loading dictionary.
2017.03.22 18:10:51:079:6 words loaded.
2017.03.22 18:10:51:079:Starting parsing input file.
2017.03.22 18:10:51:079:2 threads created.
2017.03.22 18:10:51:079:File parsing finished. 8 lines processed in 0 secs at speed of n/alines/sec.
2017.03.22 18:12:49:460:Program start.
2017.03.22 18:12:49:460:Dictionary file name: small.dic
2017.03.22 18:12:49:460:Input file name: smalltest.txt
2017.03.22 18:12:49:460:Output file name:parsed.txt
2017.03.22 18:12:49:460:Loading dictionary.
2017.03.22 18:12:49:476:6 words loaded.
2017.03.22 18:12:49:476:Starting parsing input file.
2017.03.22 18:12:49:476:2 threads created.
2017.03.22 18:12:49:476:File parsing finished. 8 lines processed in 0 secs at speed of n/alines/sec.
2017.03.22 18:12:59:325:Program start.
2017.03.22 18:12:59:325:Dictionary file name: small.dic
2017.03.22 18:12:59:325:Input file name: smalltest.txt
2017.03.22 18:12:59:325:Output file name:parsed.txt
2017.03.22 18:12:59:325:Loading dictionary.
2017.03.22 18:12:59:325:6 words loaded.
2017.03.22 18:12:59:325:Starting parsing input file.
2017.03.22 18:12:59:325:2 threads created.
2017.03.22 18:12:59:371:File parsing finished. 8 lines processed in 0 secs at speed of 173lines/sec.
2017.03.22 18:13:24:867:Program start.
2017.03.22 18:13:24:867:Dictionary file name: small.dic
2017.03.22 18:13:24:867:Input file name: smalltest.txt
2017.03.22 18:13:24:867:Output file name:parsed.txt
2017.03.22 18:13:24:867:Loading dictionary.
2017.03.22 18:13:24:883:6 words loaded.
2017.03.22 18:13:24:883:Starting parsing input file.
2017.03.22 18:13:24:883:2 threads created.
2017.03.22 18:13:24:883:File parsing finished. 8 lines processed in 0 secs at speed of n/alines/sec.
2017.03.22 18:14:54:212:Program start.
2017.03.22 18:14:54:212:Dictionary file name: small.dic
2017.03.22 18:14:54:212:Input file name: smalltest.txt
2017.03.22 18:14:54:212:Output file name:parsed.txt
2017.03.22 18:14:54:212:Loading dictionary.
2017.03.22 18:14:54:212:6 words loaded.
2017.03.22 18:14:54:212:Starting parsing input file.
2017.03.22 18:14:54:228:2 threads created.
2017.03.22 18:14:54:228:File parsing finished. 8 lines processed in 0 secs at speed of n/a lines/sec.
2017.03.22 18:59:13:689:Program start.
2017.03.22 18:59:13:689:Dictionary file name: words.english.txt
2017.03.22 18:59:13:689:Input file name: test.txt
2017.03.22 18:59:13:689:Output file name:parsed.txt
2017.03.22 18:59:13:689:Loading dictionary.
2017.03.22 18:59:29:499:157412 words loaded.
2017.03.22 18:59:29:499:Starting parsing input file.
2017.03.22 18:59:29:499:2 threads created.
2017.03.22 18:59:29:682:File parsing finished. 9999 lines processed in 0 secs at speed of 54639lines/sec.
2017.03.22 19:00:27:036:Program start.
2017.03.22 19:00:27:052:Dictionary file name: words.english.txt
2017.03.22 19:00:27:052:Input file name: zone.info
2017.03.22 19:00:27:052:Output file name:parsed.txt
2017.03.22 19:00:27:052:Loading dictionary.
2017.03.22 19:00:37:408:157412 words loaded.
2017.03.22 19:00:37:408:Starting parsing input file.
2017.03.22 19:00:37:423:IO error during processing.
2017.03.22 19:01:08:902:Program start.
2017.03.22 19:01:08:904:Dictionary file name: words.english.txt
2017.03.22 19:01:08:904:Input file name: info.zone
2017.03.22 19:01:08:904:Output file name:parsed.txt
2017.03.22 19:01:08:904:Loading dictionary.
2017.03.22 19:01:19:363:157412 words loaded.
2017.03.22 19:01:19:363:Starting parsing input file.
2017.03.22 19:01:19:363:2 threads created.
2017.03.22 19:04:50:544:File parsing finished. 12453549 lines processed in 211 secs at speed of 58970lines/sec.
